2024-11-24 19:52:28,950 - INFO - Extracted LinkedIn username: ritesh-verma-techpreneur
2024-11-24 19:52:28,950 - INFO - LinkedIn Username: ritesh-verma-techpreneur
2024-11-24 19:52:28,951 - INFO - Checking LeetCode profile for username: ritesh-verma-techpreneur
2024-11-24 19:52:29,181 - INFO - LeetCode profile not found via API.
2024-11-24 19:52:29,182 - INFO - LeetCode profile not found using LinkedIn username.
2024-11-24 19:52:38,305 - INFO - Extracted LinkedIn username: deipeypaanchal
2024-11-24 19:52:38,305 - INFO - LinkedIn Username: deipeypaanchal
2024-11-24 19:52:38,305 - INFO - Checking LeetCode profile for username: deipeypaanchal
2024-11-24 19:52:38,490 - INFO - LeetCode profile found: https://leetcode.com/deipeypaanchal/
2024-11-24 19:56:21,730 - INFO - Extracted LinkedIn username: aslanbayli
2024-11-24 19:56:21,731 - INFO - LinkedIn Username: aslanbayli
2024-11-24 19:56:21,731 - INFO - Checking LeetCode profile for username: aslanbayli
2024-11-24 19:56:22,168 - INFO - LeetCode profile found: https://leetcode.com/aslanbayli/
2024-11-24 19:57:24,109 - INFO - Extracted LinkedIn username: abcs
2024-11-24 19:57:24,110 - INFO - LinkedIn Username: abcs
2024-11-24 19:57:24,110 - INFO - Checking LeetCode profile for username: abcs
2024-11-24 19:57:24,304 - INFO - LeetCode profile found: https://leetcode.com/abcs/
2024-11-24 19:57:27,294 - INFO - Extracted LinkedIn username: asdfbiwdhvfiweg3u
2024-11-24 19:57:27,294 - INFO - LinkedIn Username: asdfbiwdhvfiweg3u
2024-11-24 19:57:27,294 - INFO - Checking LeetCode profile for username: asdfbiwdhvfiweg3u
2024-11-24 19:57:27,529 - INFO - LeetCode profile not found via API.
2024-11-24 19:57:27,529 - INFO - LeetCode profile not found using LinkedIn username.
2024-11-24 19:58:26,774 - INFO - Extracted LinkedIn username: lindaislinda
2024-11-24 19:58:26,774 - INFO - LinkedIn Username: lindaislinda
2024-11-24 19:58:26,774 - INFO - Checking LeetCode profile for username: lindaislinda
2024-11-24 19:58:27,218 - INFO - LeetCode profile not found via API.
2024-11-24 19:58:27,219 - INFO - LeetCode profile not found using LinkedIn username.
2024-11-24 19:58:35,009 - INFO - Extracted LinkedIn username: linda-nguyen
2024-11-24 19:58:35,010 - INFO - LinkedIn Username: linda-nguyen
2024-11-24 19:58:35,010 - INFO - Checking LeetCode profile for username: linda-nguyen
2024-11-24 19:58:35,212 - INFO - LeetCode profile not found via API.
2024-11-24 19:58:35,212 - INFO - LeetCode profile not found using LinkedIn username.
2024-11-24 19:58:39,293 - INFO - Extracted LinkedIn username: nguyen-nguyen
2024-11-24 19:58:39,293 - INFO - LinkedIn Username: nguyen-nguyen
2024-11-24 19:58:39,293 - INFO - Checking LeetCode profile for username: nguyen-nguyen
2024-11-24 19:58:39,531 - INFO - LeetCode profile not found via API.
2024-11-24 19:58:39,531 - INFO - LeetCode profile not found using LinkedIn username.
2024-11-24 19:58:45,574 - INFO - Extracted LinkedIn username: lindanguyen
2024-11-24 19:58:45,575 - INFO - LinkedIn Username: lindanguyen
2024-11-24 19:58:45,575 - INFO - Checking LeetCode profile for username: lindanguyen
2024-11-24 19:58:45,926 - INFO - LeetCode profile found: https://leetcode.com/lindanguyen/
2024-11-24 19:59:04,990 - INFO - Extracted LinkedIn username: linda--nguyen
2024-11-24 19:59:04,991 - INFO - LinkedIn Username: linda--nguyen
2024-11-24 19:59:04,991 - INFO - Checking LeetCode profile for username: linda--nguyen
2024-11-24 19:59:05,257 - INFO - LeetCode profile not found via API.
2024-11-24 19:59:05,258 - INFO - LeetCode profile not found using LinkedIn username.
2024-11-24 19:59:24,978 - INFO - Extracted LinkedIn username: linda--nguyen
2024-11-24 19:59:24,980 - INFO - LinkedIn Username: linda--nguyen
2024-11-24 19:59:24,980 - INFO - Checking LeetCode profile for username: linda--nguyen
2024-11-24 19:59:25,710 - INFO - LeetCode profile not found via API.
2024-11-24 19:59:25,711 - INFO - LeetCode profile not found using LinkedIn username.
2024-11-24 20:00:39,790 - INFO - Extracted LinkedIn username: linda-nguyen
2024-11-24 20:00:39,791 - INFO - LinkedIn Username: linda-nguyen
2024-11-24 20:00:39,791 - INFO - Checking LeetCode profile for username: linda-nguyen
2024-11-24 20:00:40,222 - INFO - LeetCode profile not found via API.
2024-11-24 20:00:40,222 - INFO - LeetCode profile not found using LinkedIn username.
2024-11-24 20:00:43,225 - INFO - Extracted LinkedIn username: lindanguyen
2024-11-24 20:00:43,226 - INFO - LinkedIn Username: lindanguyen
2024-11-24 20:00:43,226 - INFO - Checking LeetCode profile for username: lindanguyen
2024-11-24 20:00:43,410 - INFO - LeetCode profile found: https://leetcode.com/lindanguyen/
2024-11-24 20:01:02,273 - INFO - Extracted LinkedIn username: nguyennguyen
2024-11-24 20:01:02,274 - INFO - LinkedIn Username: nguyennguyen
2024-11-24 20:01:02,274 - INFO - Checking LeetCode profile for username: nguyennguyen
2024-11-24 20:01:02,459 - INFO - LeetCode profile found: https://leetcode.com/nguyennguyen/
2024-11-24 20:01:12,239 - INFO - Extracted LinkedIn username: nguyen-nguyen
2024-11-24 20:01:12,240 - INFO - LinkedIn Username: nguyen-nguyen
2024-11-24 20:01:12,240 - INFO - Checking LeetCode profile for username: nguyen-nguyen
2024-11-24 20:01:12,627 - INFO - LeetCode profile not found via API.
2024-11-24 20:01:12,628 - INFO - LeetCode profile not found using LinkedIn username.
2024-11-24 20:01:16,527 - INFO - Extracted LinkedIn username: linda-nguyen
2024-11-24 20:01:16,527 - INFO - LinkedIn Username: linda-nguyen
2024-11-24 20:01:16,527 - INFO - Checking LeetCode profile for username: linda-nguyen
2024-11-24 20:01:16,974 - INFO - LeetCode profile not found via API.
2024-11-24 20:01:16,975 - INFO - LeetCode profile not found using LinkedIn username.
2024-11-24 20:01:22,704 - INFO - Extracted LinkedIn username: linda-is-linda
2024-11-24 20:01:22,705 - INFO - LinkedIn Username: linda-is-linda
2024-11-24 20:01:22,705 - INFO - Checking LeetCode profile for username: linda-is-linda
2024-11-24 20:01:23,163 - INFO - LeetCode profile not found via API.
2024-11-24 20:01:23,164 - INFO - LeetCode profile not found using LinkedIn username.
2024-11-24 20:01:31,074 - INFO - Extracted LinkedIn username: nguyen-linda
2024-11-24 20:01:31,074 - INFO - LinkedIn Username: nguyen-linda
2024-11-24 20:01:31,074 - INFO - Checking LeetCode profile for username: nguyen-linda
2024-11-24 20:01:31,436 - INFO - LeetCode profile not found via API.
2024-11-24 20:01:31,436 - INFO - LeetCode profile not found using LinkedIn username.
2024-11-24 20:01:34,109 - INFO - Extracted LinkedIn username: nguyenlinda
2024-11-24 20:01:34,110 - INFO - LinkedIn Username: nguyenlinda
2024-11-24 20:01:34,111 - INFO - Checking LeetCode profile for username: nguyenlinda
2024-11-24 20:01:34,471 - INFO - LeetCode profile not found via API.
2024-11-24 20:01:34,472 - INFO - LeetCode profile not found using LinkedIn username.
2024-11-24 20:01:37,789 - INFO - Extracted LinkedIn username: linda
2024-11-24 20:01:37,789 - INFO - LinkedIn Username: linda
2024-11-24 20:01:37,789 - INFO - Checking LeetCode profile for username: linda
2024-11-24 20:01:38,133 - INFO - LeetCode profile found: https://leetcode.com/linda/
2024-11-24 20:04:22,960 - INFO - Extracted LinkedIn username: chiragsingh1
2024-11-24 20:04:22,961 - INFO - LinkedIn Username: chiragsingh1
2024-11-24 20:04:22,961 - INFO - Checking LeetCode profile for username: chiragsingh1
2024-11-24 20:04:23,356 - INFO - LeetCode profile found: https://leetcode.com/chiragsingh1/
2024-11-24 20:05:30,390 - INFO - Extracted LinkedIn username: aagamshah08
2024-11-24 20:05:30,390 - INFO - LinkedIn Username: aagamshah08
2024-11-24 20:05:30,391 - INFO - Checking LeetCode profile for username: aagamshah08
2024-11-24 20:05:30,858 - INFO - LeetCode profile not found via API.
2024-11-24 20:05:30,859 - INFO - LeetCode profile not found using LinkedIn username.
2024-11-24 20:05:58,520 - INFO - Extracted LinkedIn username: aagamshah08
2024-11-24 20:05:58,521 - INFO - LinkedIn Username: aagamshah08
2024-11-24 20:05:58,521 - INFO - Checking LeetCode profile for username: aagamshah08
2024-11-24 20:05:59,008 - INFO - LeetCode profile not found via API.
2024-11-24 20:05:59,008 - INFO - LeetCode profile not found using LinkedIn username.
2024-11-24 20:06:22,504 - INFO - Extracted LinkedIn username: Aagam0812
2024-11-24 20:06:22,504 - INFO - LinkedIn Username: Aagam0812
2024-11-24 20:06:22,505 - INFO - Checking LeetCode profile for username: Aagam0812
2024-11-24 20:06:22,861 - INFO - LeetCode profile not found via API.
2024-11-24 20:06:22,862 - INFO - LeetCode profile not found using LinkedIn username.
2024-11-24 20:06:30,223 - INFO - Extracted LinkedIn username: AagamShah0812
2024-11-24 20:06:30,223 - INFO - LinkedIn Username: AagamShah0812
2024-11-24 20:06:30,223 - INFO - Checking LeetCode profile for username: AagamShah0812
2024-11-24 20:06:30,460 - INFO - LeetCode profile not found via API.
2024-11-24 20:06:30,460 - INFO - LeetCode profile not found using LinkedIn username.
2024-11-24 20:06:53,273 - INFO - Extracted LinkedIn username: aagamshah0812
2024-11-24 20:06:53,273 - INFO - LinkedIn Username: aagamshah0812
2024-11-24 20:06:53,273 - INFO - Checking LeetCode profile for username: aagamshah0812
2024-11-24 20:06:53,765 - INFO - LeetCode profile not found via API.
2024-11-24 20:06:53,766 - INFO - LeetCode profile not found using LinkedIn username.
